[21-Jul-2024 09:01:31 UTC] [Image Optimizer]: info in ImageOptimization\Modules\ConnectManager\Components\Connect->get_connect_status(): Status check error. Reason: User is not connected
[21-Jul-2024 09:01:36 UTC] [Image Optimizer]: info in ImageOptimization\Modules\ConnectManager\Components\Connect->get_connect_status(): Status check error. Reason: User is not connected
[21-Jul-2024 09:08:31 UTC] [Image Optimizer]: info in ImageOptimization\Modules\ConnectManager\Components\Connect->get_connect_status(): Status check error. Reason: User is not connected
[21-Jul-2024 09:23:28 UTC] [Image Optimizer]: info in ImageOptimization\Modules\ConnectManager\Components\Connect->get_connect_status(): Status check error. Reason: User is not connected
[21-Jul-2024 09:23:32 UTC] [Image Optimizer]: info in ImageOptimization\Modules\ConnectManager\Components\Connect->get_connect_status(): Status check error. Reason: User is not connected
[21-Jul-2024 09:24:27 UTC] [Image Optimizer]: info in ImageOptimization\Modules\ConnectManager\Components\Connect->get_connect_status(): Status check error. Reason: User is not connected
[21-Jul-2024 09:24:32 UTC] [Image Optimizer]: info in ImageOptimization\Modules\ConnectManager\Components\Connect->get_connect_status(): Status check error. Reason: User is not connected
[21-Jul-2024 09:26:17 UTC] [Image Optimizer]: info in ImageOptimization\Modules\ConnectManager\Components\Connect->get_connect_status(): Status check error. Reason: User is not connected
[22-Jul-2024 12:06:06 UTC] PHP Warning:  Undefined array key "anchor" in C:\Users\nouai\Local Sites\planty\app\public\wp-content\plugins\elementor\includes\widgets\menu-anchor.php on line 182
[22-Jul-2024 14:25:14 UTC] PHP Warning:  Undefined variable $qsid in C:\Users\nouai\Local Sites\planty\app\public\wp-content\plugins\child-theme-configurator\includes\classes\CSS.php on line 958
[22-Jul-2024 14:25:14 UTC] PHP Warning:  Undefined variable $qsid in C:\Users\nouai\Local Sites\planty\app\public\wp-content\plugins\child-theme-configurator\includes\classes\CSS.php on line 960
[22-Jul-2024 14:25:14 UTC] PHP Warning:  Undefined variable $qsid in C:\Users\nouai\Local Sites\planty\app\public\wp-content\plugins\child-theme-configurator\includes\classes\CSS.php on line 967
[22-Jul-2024 14:25:14 UTC] PHP Warning:  Undefined variable $qsid in C:\Users\nouai\Local Sites\planty\app\public\wp-content\plugins\child-theme-configurator\includes\classes\CSS.php on line 968
[22-Jul-2024 14:25:14 UTC] PHP Warning:  Undefined variable $qsid in C:\Users\nouai\Local Sites\planty\app\public\wp-content\plugins\child-theme-configurator\includes\classes\CSS.php on line 971
[22-Jul-2024 19:16:13 UTC] [Image Optimizer]: info in ImageOptimization\Modules\Optimization\Classes\Optimize_Image->optimize(): Start optimization of 165
[22-Jul-2024 19:16:22 UTC] [Image Optimizer]: info in ImageOptimization\Modules\Optimization\Classes\Optimize_Image->optimize(): End optimization of 165
[22-Jul-2024 20:45:12 UTC] [Image Optimizer]: info in ImageOptimization\Modules\Optimization\Classes\Optimize_Image->optimize(): Start optimization of 220
[22-Jul-2024 20:45:19 UTC] [Image Optimizer]: info in ImageOptimization\Modules\Optimization\Classes\Optimize_Image->optimize(): End optimization of 220
[23-Jul-2024 19:04:13 UTC] Erreur d’événement de replanification de tâche pour le crochet action_scheduler_run_queue. Code d’erreur : invalid_schedule. Message d’erreur : L’évènement planifié n’existe pas.. Données : {"schedule":"every_minute","args":["WP Cron"],"interval":60}
[23-Jul-2024 19:25:38 UTC] [Image Optimizer]: info in ImageOptimization\Modules\Optimization\Classes\Optimize_Image->optimize(): Start optimization of 67
[23-Jul-2024 19:25:41 UTC] [Image Optimizer]: info in ImageOptimization\Modules\Optimization\Classes\Optimize_Image->optimize(): End optimization of 67
[23-Jul-2024 19:25:41 UTC] [Image Optimizer]: info in ImageOptimization\Modules\Optimization\Classes\Optimize_Image->optimize(): Start optimization of 66
[23-Jul-2024 19:25:44 UTC] [Image Optimizer]: info in ImageOptimization\Modules\Optimization\Classes\Optimize_Image->optimize(): End optimization of 66
[23-Jul-2024 19:25:44 UTC] [Image Optimizer]: info in ImageOptimization\Modules\Optimization\Classes\Optimize_Image->optimize(): Start optimization of 58
[23-Jul-2024 19:25:48 UTC] [Image Optimizer]: info in ImageOptimization\Modules\Optimization\Classes\Optimize_Image->optimize(): End optimization of 58
[23-Jul-2024 19:25:48 UTC] [Image Optimizer]: info in ImageOptimization\Modules\Optimization\Classes\Optimize_Image->optimize(): Start optimization of 26
[23-Jul-2024 19:25:52 UTC] [Image Optimizer]: info in ImageOptimization\Modules\Optimization\Classes\Optimize_Image->optimize(): End optimization of 26
[23-Jul-2024 19:25:52 UTC] [Image Optimizer]: info in ImageOptimization\Modules\Optimization\Classes\Optimize_Image->optimize(): Start optimization of 11
[23-Jul-2024 19:27:36 UTC] [Image Optimizer]: error in ImageOptimization\Modules\Optimization\Components\Bulk_Optimization->optimize_bulk(): Optimization error. Reason: cURL error 28: Operation timed out after 100006 milliseconds with 0 bytes received
[23-Jul-2024 19:27:36 UTC] [Image Optimizer]: info in ImageOptimization\Modules\Optimization\Classes\Optimize_Image->optimize(): Start optimization of 256
[23-Jul-2024 19:27:40 UTC] [Image Optimizer]: info in ImageOptimization\Modules\Optimization\Classes\Optimize_Image->optimize(): End optimization of 256
[23-Jul-2024 19:42:38 UTC] [Image Optimizer]: info in ImageOptimization\Modules\Optimization\Classes\Optimize_Image->optimize(): Start optimization of 11
[23-Jul-2024 19:42:38 UTC] [Image Optimizer]: info in ImageOptimization\Modules\Optimization\Classes\Optimize_Image->optimize(): Size `full` is already optimized
[23-Jul-2024 19:42:38 UTC] [Image Optimizer]: info in ImageOptimization\Modules\Optimization\Classes\Optimize_Image->optimize(): Size `medium` is already optimized
[23-Jul-2024 19:42:38 UTC] [Image Optimizer]: info in ImageOptimization\Modules\Optimization\Classes\Optimize_Image->optimize(): Size `thumbnail` is already optimized
[23-Jul-2024 19:42:42 UTC] [Image Optimizer]: info in ImageOptimization\Modules\Optimization\Classes\Optimize_Image->optimize(): End optimization of 11
[25-Jul-2024 17:38:20 UTC] [Image Optimizer]: info in ImageOptimization\Modules\Optimization\Classes\Optimize_Image->optimize(): Start optimization of 264
[25-Jul-2024 17:40:00 UTC] [Image Optimizer]: error in ImageOptimization\Modules\Optimization\Components\Upload_Optimization->optimize_image_on_upload(): Optimization error. Reason: cURL error 28: Operation timed out after 100012 milliseconds with 0 bytes received
[25-Jul-2024 17:40:41 UTC] [Image Optimizer]: error in ImageOptimization\Modules\Stats\Classes\Optimization_Stats::get_image_stats_chunk(): File is missing. Verify the upload
[25-Jul-2024 17:40:46 UTC] [Image Optimizer]: error in ImageOptimization\Modules\Stats\Classes\Optimization_Stats::get_image_stats_chunk(): File is missing. Verify the upload
[25-Jul-2024 17:40:51 UTC] [Image Optimizer]: error in ImageOptimization\Modules\Stats\Classes\Optimization_Stats::get_image_stats_chunk(): File is missing. Verify the upload
[25-Jul-2024 17:40:56 UTC] [Image Optimizer]: error in ImageOptimization\Modules\Stats\Classes\Optimization_Stats::get_image_stats_chunk(): File is missing. Verify the upload
[25-Jul-2024 17:41:01 UTC] [Image Optimizer]: error in ImageOptimization\Modules\Stats\Classes\Optimization_Stats::get_image_stats_chunk(): File is missing. Verify the upload
[25-Jul-2024 17:41:04 UTC] [Image Optimizer]: error in ImageOptimization\Modules\Stats\Classes\Optimization_Stats::get_image_stats_chunk(): File is missing. Verify the upload
[25-Jul-2024 17:41:05 UTC] [Image Optimizer]: error in ImageOptimization\Modules\Stats\Classes\Optimization_Stats::get_image_stats_chunk(): File is missing. Verify the upload
[25-Jul-2024 17:41:10 UTC] [Image Optimizer]: error in ImageOptimization\Modules\Stats\Classes\Optimization_Stats::get_image_stats_chunk(): File is missing. Verify the upload
[25-Jul-2024 17:41:15 UTC] [Image Optimizer]: error in ImageOptimization\Modules\Stats\Classes\Optimization_Stats::get_image_stats_chunk(): File is missing. Verify the upload
[25-Jul-2024 17:41:20 UTC] [Image Optimizer]: error in ImageOptimization\Modules\Stats\Classes\Optimization_Stats::get_image_stats_chunk(): File is missing. Verify the upload
[25-Jul-2024 17:41:25 UTC] [Image Optimizer]: error in ImageOptimization\Modules\Stats\Classes\Optimization_Stats::get_image_stats_chunk(): File is missing. Verify the upload
[25-Jul-2024 17:41:33 UTC] [Image Optimizer]: error in ImageOptimization\Modules\Stats\Classes\Optimization_Stats::get_image_stats_chunk(): File is missing. Verify the upload
[25-Jul-2024 17:41:34 UTC] [Image Optimizer]: info in ImageOptimization\Modules\Optimization\Classes\Optimize_Image->optimize(): Start optimization of 264
[25-Jul-2024 17:41:34 UTC] [Image Optimizer]: error in ImageOptimization\Modules\Stats\Classes\Optimization_Stats::get_image_stats_chunk(): File is missing. Verify the upload
[25-Jul-2024 17:41:35 UTC] [Image Optimizer]: info in ImageOptimization\Modules\Optimization\Classes\Optimize_Image->optimize(): End optimization of 264
[25-Jul-2024 17:41:35 UTC] [Image Optimizer]: error in ImageOptimization\Modules\Stats\Classes\Optimization_Stats::get_image_stats_chunk(): File is missing. Verify the upload
[25-Jul-2024 17:41:40 UTC] [Image Optimizer]: error in ImageOptimization\Modules\Stats\Classes\Optimization_Stats::get_image_stats_chunk(): File is missing. Verify the upload
[25-Jul-2024 17:41:45 UTC] [Image Optimizer]: error in ImageOptimization\Modules\Stats\Classes\Optimization_Stats::get_image_stats_chunk(): File is missing. Verify the upload
[25-Jul-2024 17:41:50 UTC] [Image Optimizer]: error in ImageOptimization\Modules\Stats\Classes\Optimization_Stats::get_image_stats_chunk(): File is missing. Verify the upload
[25-Jul-2024 17:41:55 UTC] [Image Optimizer]: error in ImageOptimization\Modules\Stats\Classes\Optimization_Stats::get_image_stats_chunk(): File is missing. Verify the upload
[25-Jul-2024 17:42:00 UTC] [Image Optimizer]: error in ImageOptimization\Modules\Stats\Classes\Optimization_Stats::get_image_stats_chunk(): File is missing. Verify the upload
[25-Jul-2024 17:42:05 UTC] [Image Optimizer]: error in ImageOptimization\Modules\Stats\Classes\Optimization_Stats::get_image_stats_chunk(): File is missing. Verify the upload
[25-Jul-2024 17:42:10 UTC] [Image Optimizer]: error in ImageOptimization\Modules\Stats\Classes\Optimization_Stats::get_image_stats_chunk(): File is missing. Verify the upload
[25-Jul-2024 17:42:15 UTC] [Image Optimizer]: error in ImageOptimization\Modules\Stats\Classes\Optimization_Stats::get_image_stats_chunk(): File is missing. Verify the upload
[25-Jul-2024 17:42:25 UTC] [Image Optimizer]: error in ImageOptimization\Modules\Stats\Classes\Optimization_Stats::get_image_stats_chunk(): File is missing. Verify the upload
[25-Jul-2024 17:42:25 UTC] [Image Optimizer]: error in ImageOptimization\Modules\Stats\Classes\Optimization_Stats::get_image_stats_chunk(): File is missing. Verify the upload
[25-Jul-2024 17:42:30 UTC] [Image Optimizer]: error in ImageOptimization\Modules\Stats\Classes\Optimization_Stats::get_image_stats_chunk(): File is missing. Verify the upload
[25-Jul-2024 17:42:35 UTC] [Image Optimizer]: error in ImageOptimization\Modules\Stats\Classes\Optimization_Stats::get_image_stats_chunk(): File is missing. Verify the upload
[25-Jul-2024 17:42:40 UTC] [Image Optimizer]: error in ImageOptimization\Modules\Stats\Classes\Optimization_Stats::get_image_stats_chunk(): File is missing. Verify the upload
[25-Jul-2024 17:42:45 UTC] [Image Optimizer]: error in ImageOptimization\Modules\Stats\Classes\Optimization_Stats::get_image_stats_chunk(): File is missing. Verify the upload
[25-Jul-2024 17:42:50 UTC] [Image Optimizer]: error in ImageOptimization\Modules\Stats\Classes\Optimization_Stats::get_image_stats_chunk(): File is missing. Verify the upload
[25-Jul-2024 17:42:55 UTC] [Image Optimizer]: error in ImageOptimization\Modules\Stats\Classes\Optimization_Stats::get_image_stats_chunk(): File is missing. Verify the upload
[25-Jul-2024 17:43:00 UTC] [Image Optimizer]: error in ImageOptimization\Modules\Stats\Classes\Optimization_Stats::get_image_stats_chunk(): File is missing. Verify the upload
[25-Jul-2024 17:43:05 UTC] [Image Optimizer]: error in ImageOptimization\Modules\Stats\Classes\Optimization_Stats::get_image_stats_chunk(): File is missing. Verify the upload
[25-Jul-2024 17:43:10 UTC] [Image Optimizer]: error in ImageOptimization\Modules\Stats\Classes\Optimization_Stats::get_image_stats_chunk(): File is missing. Verify the upload
[25-Jul-2024 17:43:15 UTC] [Image Optimizer]: error in ImageOptimization\Modules\Stats\Classes\Optimization_Stats::get_image_stats_chunk(): File is missing. Verify the upload
[25-Jul-2024 17:43:20 UTC] [Image Optimizer]: error in ImageOptimization\Modules\Stats\Classes\Optimization_Stats::get_image_stats_chunk(): File is missing. Verify the upload
[25-Jul-2024 17:43:25 UTC] [Image Optimizer]: error in ImageOptimization\Modules\Stats\Classes\Optimization_Stats::get_image_stats_chunk(): File is missing. Verify the upload
[25-Jul-2024 17:43:30 UTC] [Image Optimizer]: error in ImageOptimization\Modules\Stats\Classes\Optimization_Stats::get_image_stats_chunk(): File is missing. Verify the upload
[25-Jul-2024 17:43:35 UTC] [Image Optimizer]: error in ImageOptimization\Modules\Stats\Classes\Optimization_Stats::get_image_stats_chunk(): File is missing. Verify the upload
[25-Jul-2024 17:43:40 UTC] [Image Optimizer]: error in ImageOptimization\Modules\Stats\Classes\Optimization_Stats::get_image_stats_chunk(): File is missing. Verify the upload
[25-Jul-2024 17:43:45 UTC] [Image Optimizer]: error in ImageOptimization\Modules\Stats\Classes\Optimization_Stats::get_image_stats_chunk(): File is missing. Verify the upload
[25-Jul-2024 17:43:50 UTC] [Image Optimizer]: error in ImageOptimization\Modules\Stats\Classes\Optimization_Stats::get_image_stats_chunk(): File is missing. Verify the upload
[25-Jul-2024 17:43:55 UTC] [Image Optimizer]: error in ImageOptimization\Modules\Stats\Classes\Optimization_Stats::get_image_stats_chunk(): File is missing. Verify the upload
[25-Jul-2024 17:44:00 UTC] [Image Optimizer]: error in ImageOptimization\Modules\Stats\Classes\Optimization_Stats::get_image_stats_chunk(): File is missing. Verify the upload
[25-Jul-2024 17:44:05 UTC] [Image Optimizer]: error in ImageOptimization\Modules\Stats\Classes\Optimization_Stats::get_image_stats_chunk(): File is missing. Verify the upload
[25-Jul-2024 17:44:10 UTC] [Image Optimizer]: error in ImageOptimization\Modules\Stats\Classes\Optimization_Stats::get_image_stats_chunk(): File is missing. Verify the upload
[25-Jul-2024 17:44:15 UTC] [Image Optimizer]: error in ImageOptimization\Modules\Stats\Classes\Optimization_Stats::get_image_stats_chunk(): File is missing. Verify the upload
[25-Jul-2024 17:44:20 UTC] [Image Optimizer]: error in ImageOptimization\Modules\Stats\Classes\Optimization_Stats::get_image_stats_chunk(): File is missing. Verify the upload
[25-Jul-2024 17:44:25 UTC] [Image Optimizer]: error in ImageOptimization\Modules\Stats\Classes\Optimization_Stats::get_image_stats_chunk(): File is missing. Verify the upload
[25-Jul-2024 17:45:17 UTC] [Image Optimizer]: error in ImageOptimization\Modules\Stats\Classes\Optimization_Stats::get_image_stats_chunk(): File is missing. Verify the upload
[25-Jul-2024 17:46:17 UTC] [Image Optimizer]: error in ImageOptimization\Modules\Stats\Classes\Optimization_Stats::get_image_stats_chunk(): File is missing. Verify the upload
[25-Jul-2024 17:47:17 UTC] [Image Optimizer]: error in ImageOptimization\Modules\Stats\Classes\Optimization_Stats::get_image_stats_chunk(): File is missing. Verify the upload
[25-Jul-2024 17:48:17 UTC] [Image Optimizer]: error in ImageOptimization\Modules\Stats\Classes\Optimization_Stats::get_image_stats_chunk(): File is missing. Verify the upload
[25-Jul-2024 17:49:08 UTC] [Image Optimizer]: error in ImageOptimization\Modules\Stats\Classes\Optimization_Stats::get_image_stats_chunk(): File is missing. Verify the upload
[25-Jul-2024 17:49:17 UTC] [Image Optimizer]: error in ImageOptimization\Modules\Stats\Classes\Optimization_Stats::get_image_stats_chunk(): File is missing. Verify the upload
[25-Jul-2024 17:50:17 UTC] [Image Optimizer]: error in ImageOptimization\Modules\Stats\Classes\Optimization_Stats::get_image_stats_chunk(): File is missing. Verify the upload
[25-Jul-2024 17:51:17 UTC] [Image Optimizer]: error in ImageOptimization\Modules\Stats\Classes\Optimization_Stats::get_image_stats_chunk(): File is missing. Verify the upload
[25-Jul-2024 17:52:17 UTC] [Image Optimizer]: error in ImageOptimization\Modules\Stats\Classes\Optimization_Stats::get_image_stats_chunk(): File is missing. Verify the upload
[25-Jul-2024 17:53:17 UTC] [Image Optimizer]: error in ImageOptimization\Modules\Stats\Classes\Optimization_Stats::get_image_stats_chunk(): File is missing. Verify the upload
[25-Jul-2024 17:54:17 UTC] [Image Optimizer]: error in ImageOptimization\Modules\Stats\Classes\Optimization_Stats::get_image_stats_chunk(): File is missing. Verify the upload
[25-Jul-2024 17:55:17 UTC] [Image Optimizer]: error in ImageOptimization\Modules\Stats\Classes\Optimization_Stats::get_image_stats_chunk(): File is missing. Verify the upload
[25-Jul-2024 17:56:17 UTC] [Image Optimizer]: error in ImageOptimization\Modules\Stats\Classes\Optimization_Stats::get_image_stats_chunk(): File is missing. Verify the upload
[25-Jul-2024 17:57:17 UTC] [Image Optimizer]: error in ImageOptimization\Modules\Stats\Classes\Optimization_Stats::get_image_stats_chunk(): File is missing. Verify the upload
[25-Jul-2024 17:57:40 UTC] [Image Optimizer]: error in ImageOptimization\Modules\Stats\Classes\Optimization_Stats::get_image_stats_chunk(): File is missing. Verify the upload
[25-Jul-2024 17:57:45 UTC] [Image Optimizer]: error in ImageOptimization\Modules\Stats\Classes\Optimization_Stats::get_image_stats_chunk(): File is missing. Verify the upload
[25-Jul-2024 17:57:50 UTC] [Image Optimizer]: error in ImageOptimization\Modules\Stats\Classes\Optimization_Stats::get_image_stats_chunk(): File is missing. Verify the upload
[25-Jul-2024 17:57:55 UTC] [Image Optimizer]: error in ImageOptimization\Modules\Stats\Classes\Optimization_Stats::get_image_stats_chunk(): File is missing. Verify the upload
[25-Jul-2024 17:58:00 UTC] [Image Optimizer]: error in ImageOptimization\Modules\Stats\Classes\Optimization_Stats::get_image_stats_chunk(): File is missing. Verify the upload
[25-Jul-2024 17:58:05 UTC] [Image Optimizer]: error in ImageOptimization\Modules\Stats\Classes\Optimization_Stats::get_image_stats_chunk(): File is missing. Verify the upload
[25-Jul-2024 17:58:10 UTC] [Image Optimizer]: error in ImageOptimization\Modules\Stats\Classes\Optimization_Stats::get_image_stats_chunk(): File is missing. Verify the upload
[25-Jul-2024 17:58:15 UTC] [Image Optimizer]: error in ImageOptimization\Modules\Stats\Classes\Optimization_Stats::get_image_stats_chunk(): File is missing. Verify the upload
[25-Jul-2024 17:58:20 UTC] [Image Optimizer]: error in ImageOptimization\Modules\Stats\Classes\Optimization_Stats::get_image_stats_chunk(): File is missing. Verify the upload
[25-Jul-2024 17:58:25 UTC] [Image Optimizer]: error in ImageOptimization\Modules\Stats\Classes\Optimization_Stats::get_image_stats_chunk(): File is missing. Verify the upload
[25-Jul-2024 17:58:30 UTC] [Image Optimizer]: error in ImageOptimization\Modules\Stats\Classes\Optimization_Stats::get_image_stats_chunk(): File is missing. Verify the upload
[25-Jul-2024 17:58:35 UTC] [Image Optimizer]: error in ImageOptimization\Modules\Stats\Classes\Optimization_Stats::get_image_stats_chunk(): File is missing. Verify the upload
[25-Jul-2024 17:58:40 UTC] [Image Optimizer]: error in ImageOptimization\Modules\Stats\Classes\Optimization_Stats::get_image_stats_chunk(): File is missing. Verify the upload
[25-Jul-2024 17:59:17 UTC] [Image Optimizer]: error in ImageOptimization\Modules\Stats\Classes\Optimization_Stats::get_image_stats_chunk(): File is missing. Verify the upload
[25-Jul-2024 18:00:17 UTC] [Image Optimizer]: error in ImageOptimization\Modules\Stats\Classes\Optimization_Stats::get_image_stats_chunk(): File is missing. Verify the upload
[25-Jul-2024 18:01:17 UTC] [Image Optimizer]: error in ImageOptimization\Modules\Stats\Classes\Optimization_Stats::get_image_stats_chunk(): File is missing. Verify the upload
[25-Jul-2024 18:02:18 UTC] [Image Optimizer]: error in ImageOptimization\Modules\Stats\Classes\Optimization_Stats::get_image_stats_chunk(): File is missing. Verify the upload
[25-Jul-2024 18:03:17 UTC] [Image Optimizer]: error in ImageOptimization\Modules\Stats\Classes\Optimization_Stats::get_image_stats_chunk(): File is missing. Verify the upload
[25-Jul-2024 18:04:17 UTC] [Image Optimizer]: error in ImageOptimization\Modules\Stats\Classes\Optimization_Stats::get_image_stats_chunk(): File is missing. Verify the upload
[25-Jul-2024 18:05:17 UTC] [Image Optimizer]: error in ImageOptimization\Modules\Stats\Classes\Optimization_Stats::get_image_stats_chunk(): File is missing. Verify the upload
[25-Jul-2024 18:06:17 UTC] [Image Optimizer]: error in ImageOptimization\Modules\Stats\Classes\Optimization_Stats::get_image_stats_chunk(): File is missing. Verify the upload
[25-Jul-2024 18:06:39 UTC] [Image Optimizer]: error in ImageOptimization\Modules\Stats\Classes\Optimization_Stats::get_image_stats_chunk(): File is missing. Verify the upload
[25-Jul-2024 18:06:40 UTC] [Image Optimizer]: error in ImageOptimization\Modules\Stats\Classes\Optimization_Stats::get_image_stats_chunk(): File is missing. Verify the upload
[25-Jul-2024 18:06:45 UTC] [Image Optimizer]: error in ImageOptimization\Modules\Stats\Classes\Optimization_Stats::get_image_stats_chunk(): File is missing. Verify the upload
[25-Jul-2024 18:06:50 UTC] [Image Optimizer]: error in ImageOptimization\Modules\Stats\Classes\Optimization_Stats::get_image_stats_chunk(): File is missing. Verify the upload
[25-Jul-2024 18:06:55 UTC] [Image Optimizer]: error in ImageOptimization\Modules\Stats\Classes\Optimization_Stats::get_image_stats_chunk(): File is missing. Verify the upload
[25-Jul-2024 18:07:00 UTC] [Image Optimizer]: error in ImageOptimization\Modules\Stats\Classes\Optimization_Stats::get_image_stats_chunk(): File is missing. Verify the upload
[25-Jul-2024 18:07:05 UTC] [Image Optimizer]: error in ImageOptimization\Modules\Stats\Classes\Optimization_Stats::get_image_stats_chunk(): File is missing. Verify the upload
[25-Jul-2024 18:07:10 UTC] [Image Optimizer]: error in ImageOptimization\Modules\Stats\Classes\Optimization_Stats::get_image_stats_chunk(): File is missing. Verify the upload
[25-Jul-2024 18:07:15 UTC] [Image Optimizer]: error in ImageOptimization\Modules\Stats\Classes\Optimization_Stats::get_image_stats_chunk(): File is missing. Verify the upload
[25-Jul-2024 18:07:20 UTC] [Image Optimizer]: error in ImageOptimization\Modules\Stats\Classes\Optimization_Stats::get_image_stats_chunk(): File is missing. Verify the upload
[25-Jul-2024 18:07:25 UTC] [Image Optimizer]: error in ImageOptimization\Modules\Stats\Classes\Optimization_Stats::get_image_stats_chunk(): File is missing. Verify the upload
[25-Jul-2024 18:07:30 UTC] [Image Optimizer]: error in ImageOptimization\Modules\Stats\Classes\Optimization_Stats::get_image_stats_chunk(): File is missing. Verify the upload
[25-Jul-2024 18:07:36 UTC] [Image Optimizer]: error in ImageOptimization\Modules\Stats\Classes\Optimization_Stats::get_image_stats_chunk(): File is missing. Verify the upload
[25-Jul-2024 18:07:40 UTC] [Image Optimizer]: error in ImageOptimization\Modules\Stats\Classes\Optimization_Stats::get_image_stats_chunk(): File is missing. Verify the upload
[25-Jul-2024 18:07:45 UTC] [Image Optimizer]: error in ImageOptimization\Modules\Stats\Classes\Optimization_Stats::get_image_stats_chunk(): File is missing. Verify the upload
[25-Jul-2024 18:07:50 UTC] [Image Optimizer]: error in ImageOptimization\Modules\Stats\Classes\Optimization_Stats::get_image_stats_chunk(): File is missing. Verify the upload
[25-Jul-2024 18:07:55 UTC] [Image Optimizer]: error in ImageOptimization\Modules\Stats\Classes\Optimization_Stats::get_image_stats_chunk(): File is missing. Verify the upload
[25-Jul-2024 18:08:02 UTC] [Image Optimizer]: error in ImageOptimization\Modules\Stats\Classes\Optimization_Stats::get_image_stats_chunk(): File is missing. Verify the upload
[25-Jul-2024 18:08:03 UTC] [Image Optimizer]: error in ImageOptimization\Modules\Stats\Classes\Optimization_Stats::get_image_stats_chunk(): File is missing. Verify the upload
[25-Jul-2024 18:08:05 UTC] [Image Optimizer]: error in ImageOptimization\Modules\Stats\Classes\Optimization_Stats::get_image_stats_chunk(): File is missing. Verify the upload
[25-Jul-2024 18:08:10 UTC] [Image Optimizer]: error in ImageOptimization\Modules\Stats\Classes\Optimization_Stats::get_image_stats_chunk(): File is missing. Verify the upload
[25-Jul-2024 18:08:15 UTC] [Image Optimizer]: error in ImageOptimization\Modules\Stats\Classes\Optimization_Stats::get_image_stats_chunk(): File is missing. Verify the upload
[25-Jul-2024 18:08:20 UTC] [Image Optimizer]: error in ImageOptimization\Modules\Stats\Classes\Optimization_Stats::get_image_stats_chunk(): File is missing. Verify the upload
[25-Jul-2024 18:08:25 UTC] [Image Optimizer]: error in ImageOptimization\Modules\Stats\Classes\Optimization_Stats::get_image_stats_chunk(): File is missing. Verify the upload
[25-Jul-2024 18:08:27 UTC] [Image Optimizer]: info in ImageOptimization\Modules\Optimization\Classes\Optimize_Image->optimize(): Start optimization of 272
[25-Jul-2024 18:08:27 UTC] [Image Optimizer]: error in ImageOptimization\Modules\Stats\Classes\Optimization_Stats::get_image_stats_chunk(): File is missing. Verify the upload
[25-Jul-2024 18:08:28 UTC] [Image Optimizer]: error in ImageOptimization\Modules\Stats\Classes\Optimization_Stats::get_image_stats_chunk(): File is missing. Verify the upload
[25-Jul-2024 18:08:29 UTC] [Image Optimizer]: error in ImageOptimization\Modules\Stats\Classes\Optimization_Stats::get_image_stats_chunk(): File is missing. Verify the upload
[25-Jul-2024 18:08:31 UTC] [Image Optimizer]: error in ImageOptimization\Modules\Stats\Classes\Optimization_Stats::get_image_stats_chunk(): File is missing. Verify the upload
[25-Jul-2024 18:08:32 UTC] [Image Optimizer]: error in ImageOptimization\Modules\Stats\Classes\Optimization_Stats::get_image_stats_chunk(): File is missing. Verify the upload
[25-Jul-2024 18:08:34 UTC] [Image Optimizer]: info in ImageOptimization\Modules\Optimization\Classes\Optimize_Image->optimize(): End optimization of 272
[25-Jul-2024 18:08:39 UTC] [Image Optimizer]: error in ImageOptimization\Modules\Stats\Classes\Optimization_Stats::get_image_stats_chunk(): File is missing. Verify the upload
[25-Jul-2024 18:08:40 UTC] [Image Optimizer]: error in ImageOptimization\Modules\Stats\Classes\Optimization_Stats::get_image_stats_chunk(): File is missing. Verify the upload
[25-Jul-2024 18:08:45 UTC] [Image Optimizer]: error in ImageOptimization\Modules\Stats\Classes\Optimization_Stats::get_image_stats_chunk(): File is missing. Verify the upload
[25-Jul-2024 18:08:50 UTC] [Image Optimizer]: error in ImageOptimization\Modules\Stats\Classes\Optimization_Stats::get_image_stats_chunk(): File is missing. Verify the upload
[25-Jul-2024 18:08:55 UTC] [Image Optimizer]: error in ImageOptimization\Modules\Stats\Classes\Optimization_Stats::get_image_stats_chunk(): File is missing. Verify the upload
[25-Jul-2024 18:09:00 UTC] [Image Optimizer]: error in ImageOptimization\Modules\Stats\Classes\Optimization_Stats::get_image_stats_chunk(): File is missing. Verify the upload
[25-Jul-2024 18:09:05 UTC] [Image Optimizer]: error in ImageOptimization\Modules\Stats\Classes\Optimization_Stats::get_image_stats_chunk(): File is missing. Verify the upload
[25-Jul-2024 18:09:10 UTC] [Image Optimizer]: error in ImageOptimization\Modules\Stats\Classes\Optimization_Stats::get_image_stats_chunk(): File is missing. Verify the upload
[25-Jul-2024 18:09:16 UTC] [Image Optimizer]: error in ImageOptimization\Modules\Stats\Classes\Optimization_Stats::get_image_stats_chunk(): File is missing. Verify the upload
[25-Jul-2024 18:09:20 UTC] [Image Optimizer]: error in ImageOptimization\Modules\Stats\Classes\Optimization_Stats::get_image_stats_chunk(): File is missing. Verify the upload
[25-Jul-2024 18:09:25 UTC] [Image Optimizer]: error in ImageOptimization\Modules\Stats\Classes\Optimization_Stats::get_image_stats_chunk(): File is missing. Verify the upload
[25-Jul-2024 18:09:30 UTC] [Image Optimizer]: error in ImageOptimization\Modules\Stats\Classes\Optimization_Stats::get_image_stats_chunk(): File is missing. Verify the upload
[25-Jul-2024 18:09:36 UTC] [Image Optimizer]: error in ImageOptimization\Modules\Stats\Classes\Optimization_Stats::get_image_stats_chunk(): File is missing. Verify the upload
[25-Jul-2024 18:10:17 UTC] [Image Optimizer]: error in ImageOptimization\Modules\Stats\Classes\Optimization_Stats::get_image_stats_chunk(): File is missing. Verify the upload
[25-Jul-2024 18:11:18 UTC] [Image Optimizer]: error in ImageOptimization\Modules\Stats\Classes\Optimization_Stats::get_image_stats_chunk(): File is missing. Verify the upload
[25-Jul-2024 18:11:26 UTC] [Image Optimizer]: error in ImageOptimization\Modules\Stats\Classes\Optimization_Stats::get_image_stats_chunk(): File is missing. Verify the upload
[25-Jul-2024 18:11:30 UTC] [Image Optimizer]: error in ImageOptimization\Modules\Stats\Classes\Optimization_Stats::get_image_stats_chunk(): File is missing. Verify the upload
[25-Jul-2024 18:11:36 UTC] [Image Optimizer]: error in ImageOptimization\Modules\Stats\Classes\Optimization_Stats::get_image_stats_chunk(): File is missing. Verify the upload
[25-Jul-2024 18:16:48 UTC] [Image Optimizer]: error in ImageOptimization\Modules\Stats\Classes\Optimization_Stats::get_image_stats_chunk(): File is missing. Verify the upload
[25-Jul-2024 18:17:01 UTC] [Image Optimizer]: info in ImageOptimization\Modules\Optimization\Classes\Optimize_Image->optimize(): Start optimization of 277
[25-Jul-2024 18:17:01 UTC] [Image Optimizer]: error in ImageOptimization\Modules\Stats\Classes\Optimization_Stats::get_image_stats_chunk(): File is missing. Verify the upload
[25-Jul-2024 18:17:03 UTC] [Image Optimizer]: error in ImageOptimization\Modules\Stats\Classes\Optimization_Stats::get_image_stats_chunk(): File is missing. Verify the upload
[25-Jul-2024 18:17:04 UTC] [Image Optimizer]: error in ImageOptimization\Modules\Stats\Classes\Optimization_Stats::get_image_stats_chunk(): File is missing. Verify the upload
[25-Jul-2024 18:17:05 UTC] [Image Optimizer]: error in ImageOptimization\Modules\Stats\Classes\Optimization_Stats::get_image_stats_chunk(): File is missing. Verify the upload
[25-Jul-2024 18:17:06 UTC] [Image Optimizer]: error in ImageOptimization\Modules\Stats\Classes\Optimization_Stats::get_image_stats_chunk(): File is missing. Verify the upload
[25-Jul-2024 18:17:07 UTC] [Image Optimizer]: info in ImageOptimization\Modules\Optimization\Classes\Optimize_Image->optimize(): End optimization of 277
[25-Jul-2024 18:22:48 UTC] [Image Optimizer]: error in ImageOptimization\Modules\Stats\Classes\Optimization_Stats::get_image_stats_chunk(): File is missing. Verify the upload
[25-Jul-2024 18:23:39 UTC] [Image Optimizer]: info in ImageOptimization\Modules\Optimization\Classes\Optimize_Image->optimize(): Start optimization of 286
[25-Jul-2024 18:23:39 UTC] [Image Optimizer]: error in ImageOptimization\Modules\Stats\Classes\Optimization_Stats::get_image_stats_chunk(): File is missing. Verify the upload
[25-Jul-2024 18:23:40 UTC] [Image Optimizer]: error in ImageOptimization\Modules\Stats\Classes\Optimization_Stats::get_image_stats_chunk(): File is missing. Verify the upload
[25-Jul-2024 18:23:42 UTC] [Image Optimizer]: error in ImageOptimization\Modules\Stats\Classes\Optimization_Stats::get_image_stats_chunk(): File is missing. Verify the upload
[25-Jul-2024 18:23:43 UTC] [Image Optimizer]: info in ImageOptimization\Modules\Optimization\Classes\Optimize_Image->optimize(): End optimization of 286
[25-Jul-2024 18:48:23 UTC] [Image Optimizer]: error in ImageOptimization\Modules\Stats\Classes\Optimization_Stats::get_image_stats_chunk(): File is missing. Verify the upload
[25-Jul-2024 18:48:36 UTC] [Image Optimizer]: info in ImageOptimization\Modules\Optimization\Classes\Optimize_Image->optimize(): Start optimization of 291
[25-Jul-2024 18:48:36 UTC] [Image Optimizer]: error in ImageOptimization\Modules\Stats\Classes\Optimization_Stats::get_image_stats_chunk(): File is missing. Verify the upload
[25-Jul-2024 18:48:37 UTC] [Image Optimizer]: error in ImageOptimization\Modules\Stats\Classes\Optimization_Stats::get_image_stats_chunk(): File is missing. Verify the upload
[25-Jul-2024 18:48:38 UTC] [Image Optimizer]: error in ImageOptimization\Modules\Stats\Classes\Optimization_Stats::get_image_stats_chunk(): File is missing. Verify the upload
[25-Jul-2024 18:48:39 UTC] [Image Optimizer]: info in ImageOptimization\Modules\Optimization\Classes\Optimize_Image->optimize(): End optimization of 291
[25-Jul-2024 18:49:37 UTC] [Image Optimizer]: info in ImageOptimization\Modules\Optimization\Classes\Optimize_Image->optimize(): Start optimization of 292
[25-Jul-2024 18:49:37 UTC] [Image Optimizer]: error in ImageOptimization\Modules\Stats\Classes\Optimization_Stats::get_image_stats_chunk(): File is missing. Verify the upload
[25-Jul-2024 18:49:38 UTC] [Image Optimizer]: error in ImageOptimization\Modules\Stats\Classes\Optimization_Stats::get_image_stats_chunk(): File is missing. Verify the upload
[25-Jul-2024 18:49:39 UTC] [Image Optimizer]: error in ImageOptimization\Modules\Stats\Classes\Optimization_Stats::get_image_stats_chunk(): File is missing. Verify the upload
[25-Jul-2024 18:49:40 UTC] [Image Optimizer]: info in ImageOptimization\Modules\Optimization\Classes\Optimize_Image->optimize(): End optimization of 292
[25-Jul-2024 19:08:12 UTC] [Image Optimizer]: error in ImageOptimization\Modules\Stats\Classes\Optimization_Stats::get_image_stats_chunk(): File is missing. Verify the upload
[25-Jul-2024 19:08:14 UTC] [Image Optimizer]: error in ImageOptimization\Modules\Stats\Classes\Optimization_Stats::get_image_stats_chunk(): File is missing. Verify the upload
[25-Jul-2024 19:08:19 UTC] [Image Optimizer]: error in ImageOptimization\Modules\Stats\Classes\Optimization_Stats::get_image_stats_chunk(): File is missing. Verify the upload
[25-Jul-2024 19:08:24 UTC] [Image Optimizer]: error in ImageOptimization\Modules\Stats\Classes\Optimization_Stats::get_image_stats_chunk(): File is missing. Verify the upload
[25-Jul-2024 19:08:29 UTC] [Image Optimizer]: error in ImageOptimization\Modules\Stats\Classes\Optimization_Stats::get_image_stats_chunk(): File is missing. Verify the upload
[25-Jul-2024 19:08:34 UTC] [Image Optimizer]: error in ImageOptimization\Modules\Stats\Classes\Optimization_Stats::get_image_stats_chunk(): File is missing. Verify the upload
[25-Jul-2024 19:08:39 UTC] [Image Optimizer]: error in ImageOptimization\Modules\Stats\Classes\Optimization_Stats::get_image_stats_chunk(): File is missing. Verify the upload
[25-Jul-2024 19:08:44 UTC] [Image Optimizer]: error in ImageOptimization\Modules\Stats\Classes\Optimization_Stats::get_image_stats_chunk(): File is missing. Verify the upload
[25-Jul-2024 19:08:49 UTC] [Image Optimizer]: error in ImageOptimization\Modules\Stats\Classes\Optimization_Stats::get_image_stats_chunk(): File is missing. Verify the upload
[25-Jul-2024 19:08:54 UTC] [Image Optimizer]: error in ImageOptimization\Modules\Stats\Classes\Optimization_Stats::get_image_stats_chunk(): File is missing. Verify the upload
[25-Jul-2024 19:08:59 UTC] [Image Optimizer]: error in ImageOptimization\Modules\Stats\Classes\Optimization_Stats::get_image_stats_chunk(): File is missing. Verify the upload
[25-Jul-2024 19:09:04 UTC] [Image Optimizer]: error in ImageOptimization\Modules\Stats\Classes\Optimization_Stats::get_image_stats_chunk(): File is missing. Verify the upload
[25-Jul-2024 19:09:09 UTC] [Image Optimizer]: error in ImageOptimization\Modules\Stats\Classes\Optimization_Stats::get_image_stats_chunk(): File is missing. Verify the upload
[25-Jul-2024 19:09:14 UTC] [Image Optimizer]: error in ImageOptimization\Modules\Stats\Classes\Optimization_Stats::get_image_stats_chunk(): File is missing. Verify the upload
[25-Jul-2024 19:09:19 UTC] [Image Optimizer]: error in ImageOptimization\Modules\Stats\Classes\Optimization_Stats::get_image_stats_chunk(): File is missing. Verify the upload
[25-Jul-2024 19:09:24 UTC] [Image Optimizer]: error in ImageOptimization\Modules\Stats\Classes\Optimization_Stats::get_image_stats_chunk(): File is missing. Verify the upload
[26-Jul-2024 16:30:17 UTC] [Image Optimizer]: error in ImageOptimization\Modules\Stats\Classes\Optimization_Stats::get_image_stats_chunk(): File is missing. Verify the upload
[26-Jul-2024 16:30:24 UTC] [Image Optimizer]: error in ImageOptimization\Modules\Stats\Classes\Optimization_Stats::get_image_stats_chunk(): File is missing. Verify the upload
[26-Jul-2024 16:30:29 UTC] [Image Optimizer]: error in ImageOptimization\Modules\Stats\Classes\Optimization_Stats::get_image_stats_chunk(): File is missing. Verify the upload
[26-Jul-2024 16:30:34 UTC] [Image Optimizer]: error in ImageOptimization\Modules\Stats\Classes\Optimization_Stats::get_image_stats_chunk(): File is missing. Verify the upload
[26-Jul-2024 16:30:38 UTC] [Image Optimizer]: error in ImageOptimization\Modules\Stats\Classes\Optimization_Stats::get_image_stats_chunk(): File is missing. Verify the upload
[26-Jul-2024 16:30:44 UTC] [Image Optimizer]: error in ImageOptimization\Modules\Stats\Classes\Optimization_Stats::get_image_stats_chunk(): File is missing. Verify the upload
[26-Jul-2024 16:30:49 UTC] [Image Optimizer]: error in ImageOptimization\Modules\Stats\Classes\Optimization_Stats::get_image_stats_chunk(): File is missing. Verify the upload
[26-Jul-2024 16:30:55 UTC] [Image Optimizer]: error in ImageOptimization\Modules\Stats\Classes\Optimization_Stats::get_image_stats_chunk(): File is missing. Verify the upload
[26-Jul-2024 16:31:02 UTC] [Image Optimizer]: error in ImageOptimization\Modules\Stats\Classes\Optimization_Stats::get_image_stats_chunk(): File is missing. Verify the upload
[26-Jul-2024 16:31:05 UTC] [Image Optimizer]: error in ImageOptimization\Modules\Stats\Classes\Optimization_Stats::get_image_stats_chunk(): File is missing. Verify the upload
[26-Jul-2024 16:31:09 UTC] [Image Optimizer]: error in ImageOptimization\Modules\Stats\Classes\Optimization_Stats::get_image_stats_chunk(): File is missing. Verify the upload
[26-Jul-2024 16:31:14 UTC] [Image Optimizer]: error in ImageOptimization\Modules\Stats\Classes\Optimization_Stats::get_image_stats_chunk(): File is missing. Verify the upload
[26-Jul-2024 16:31:16 UTC] [Image Optimizer]: info in ImageOptimization\Modules\Optimization\Classes\Optimize_Image->optimize(): Start optimization of 308
[26-Jul-2024 16:31:16 UTC] [Image Optimizer]: error in ImageOptimization\Modules\Stats\Classes\Optimization_Stats::get_image_stats_chunk(): File is missing. Verify the upload
[26-Jul-2024 16:31:17 UTC] [Image Optimizer]: error in ImageOptimization\Modules\Stats\Classes\Optimization_Stats::get_image_stats_chunk(): File is missing. Verify the upload
[26-Jul-2024 16:32:57 UTC] [Image Optimizer]: error in ImageOptimization\Modules\Optimization\Components\Upload_Optimization->optimize_image_on_upload(): Optimization error. Reason: cURL error 28: Operation timed out after 100002 milliseconds with 0 bytes received
[26-Jul-2024 16:33:03 UTC] [Image Optimizer]: error in ImageOptimization\Modules\Stats\Classes\Optimization_Stats::get_image_stats_chunk(): File is missing. Verify the upload
[26-Jul-2024 16:33:14 UTC] [Image Optimizer]: error in ImageOptimization\Modules\Stats\Classes\Optimization_Stats::get_image_stats_chunk(): File is missing. Verify the upload
[26-Jul-2024 16:34:13 UTC] [Image Optimizer]: error in ImageOptimization\Modules\Stats\Classes\Optimization_Stats::get_image_stats_chunk(): File is missing. Verify the upload
[26-Jul-2024 16:35:14 UTC] [Image Optimizer]: error in ImageOptimization\Modules\Stats\Classes\Optimization_Stats::get_image_stats_chunk(): File is missing. Verify the upload
[26-Jul-2024 16:36:13 UTC] [Image Optimizer]: error in ImageOptimization\Modules\Stats\Classes\Optimization_Stats::get_image_stats_chunk(): File is missing. Verify the upload
[26-Jul-2024 16:37:14 UTC] [Image Optimizer]: error in ImageOptimization\Modules\Stats\Classes\Optimization_Stats::get_image_stats_chunk(): File is missing. Verify the upload
[26-Jul-2024 16:38:14 UTC] [Image Optimizer]: error in ImageOptimization\Modules\Stats\Classes\Optimization_Stats::get_image_stats_chunk(): File is missing. Verify the upload
[26-Jul-2024 16:39:14 UTC] [Image Optimizer]: error in ImageOptimization\Modules\Stats\Classes\Optimization_Stats::get_image_stats_chunk(): File is missing. Verify the upload
[26-Jul-2024 16:40:14 UTC] [Image Optimizer]: error in ImageOptimization\Modules\Stats\Classes\Optimization_Stats::get_image_stats_chunk(): File is missing. Verify the upload
[26-Jul-2024 16:41:14 UTC] [Image Optimizer]: error in ImageOptimization\Modules\Stats\Classes\Optimization_Stats::get_image_stats_chunk(): File is missing. Verify the upload
[26-Jul-2024 16:42:14 UTC] [Image Optimizer]: error in ImageOptimization\Modules\Stats\Classes\Optimization_Stats::get_image_stats_chunk(): File is missing. Verify the upload
[26-Jul-2024 16:42:34 UTC] [Image Optimizer]: error in ImageOptimization\Modules\Stats\Classes\Optimization_Stats::get_image_stats_chunk(): File is missing. Verify the upload
[26-Jul-2024 16:42:35 UTC] [Image Optimizer]: error in ImageOptimization\Modules\Stats\Classes\Optimization_Stats::get_image_stats_chunk(): File is missing. Verify the upload
[26-Jul-2024 16:43:14 UTC] [Image Optimizer]: error in ImageOptimization\Modules\Stats\Classes\Optimization_Stats::get_image_stats_chunk(): File is missing. Verify the upload
[26-Jul-2024 16:43:17 UTC] [Image Optimizer]: info in ImageOptimization\Modules\Optimization\Classes\Optimize_Image->optimize(): Start optimization of 321
[26-Jul-2024 16:43:17 UTC] [Image Optimizer]: error in ImageOptimization\Modules\Stats\Classes\Optimization_Stats::get_image_stats_chunk(): File is missing. Verify the upload
[26-Jul-2024 16:43:18 UTC] [Image Optimizer]: error in ImageOptimization\Modules\Optimization\Components\Upload_Optimization->optimize_image_on_upload(): Optimization error. Reason: Optimized image failed
[26-Jul-2024 16:44:14 UTC] [Image Optimizer]: error in ImageOptimization\Modules\Stats\Classes\Optimization_Stats::get_image_stats_chunk(): File is missing. Verify the upload
[26-Jul-2024 16:45:14 UTC] [Image Optimizer]: error in ImageOptimization\Modules\Stats\Classes\Optimization_Stats::get_image_stats_chunk(): File is missing. Verify the upload
[26-Jul-2024 16:46:14 UTC] [Image Optimizer]: error in ImageOptimization\Modules\Stats\Classes\Optimization_Stats::get_image_stats_chunk(): File is missing. Verify the upload
[26-Jul-2024 16:47:14 UTC] [Image Optimizer]: error in ImageOptimization\Modules\Stats\Classes\Optimization_Stats::get_image_stats_chunk(): File is missing. Verify the upload
[26-Jul-2024 16:48:14 UTC] [Image Optimizer]: error in ImageOptimization\Modules\Stats\Classes\Optimization_Stats::get_image_stats_chunk(): File is missing. Verify the upload
[26-Jul-2024 16:49:14 UTC] [Image Optimizer]: error in ImageOptimization\Modules\Stats\Classes\Optimization_Stats::get_image_stats_chunk(): File is missing. Verify the upload
[26-Jul-2024 16:50:14 UTC] [Image Optimizer]: error in ImageOptimization\Modules\Stats\Classes\Optimization_Stats::get_image_stats_chunk(): File is missing. Verify the upload
[26-Jul-2024 16:51:14 UTC] [Image Optimizer]: error in ImageOptimization\Modules\Stats\Classes\Optimization_Stats::get_image_stats_chunk(): File is missing. Verify the upload
[26-Jul-2024 16:51:17 UTC] [Image Optimizer]: error in ImageOptimization\Modules\Stats\Classes\Optimization_Stats::get_image_stats_chunk(): File is missing. Verify the upload
[26-Jul-2024 16:51:17 UTC] [Image Optimizer]: error in ImageOptimization\Modules\Stats\Classes\Optimization_Stats::get_image_stats_chunk(): File is missing. Verify the upload
[26-Jul-2024 16:51:18 UTC] [Image Optimizer]: error in ImageOptimization\Modules\ConnectManager\Components\Connect->get_connect_status(): Status check error. Reason: Token Auth Guard Request Failed!: Invalid Token
[26-Jul-2024 16:52:14 UTC] [Image Optimizer]: error in ImageOptimization\Modules\Stats\Classes\Optimization_Stats::get_image_stats_chunk(): File is missing. Verify the upload
[26-Jul-2024 16:53:14 UTC] [Image Optimizer]: error in ImageOptimization\Modules\Stats\Classes\Optimization_Stats::get_image_stats_chunk(): File is missing. Verify the upload
[26-Jul-2024 16:54:14 UTC] [Image Optimizer]: error in ImageOptimization\Modules\Stats\Classes\Optimization_Stats::get_image_stats_chunk(): File is missing. Verify the upload
[26-Jul-2024 16:55:14 UTC] [Image Optimizer]: error in ImageOptimization\Modules\Stats\Classes\Optimization_Stats::get_image_stats_chunk(): File is missing. Verify the upload
[26-Jul-2024 16:56:14 UTC] [Image Optimizer]: error in ImageOptimization\Modules\Stats\Classes\Optimization_Stats::get_image_stats_chunk(): File is missing. Verify the upload
[26-Jul-2024 16:57:13 UTC] [Image Optimizer]: error in ImageOptimization\Modules\Stats\Classes\Optimization_Stats::get_image_stats_chunk(): File is missing. Verify the upload
[26-Jul-2024 16:57:21 UTC] [Image Optimizer]: error in ImageOptimization\Modules\Stats\Classes\Optimization_Stats::get_image_stats_chunk(): File is missing. Verify the upload
[26-Jul-2024 16:58:14 UTC] [Image Optimizer]: error in ImageOptimization\Modules\Stats\Classes\Optimization_Stats::get_image_stats_chunk(): File is missing. Verify the upload
[26-Jul-2024 16:59:14 UTC] [Image Optimizer]: error in ImageOptimization\Modules\Stats\Classes\Optimization_Stats::get_image_stats_chunk(): File is missing. Verify the upload
[26-Jul-2024 17:00:14 UTC] [Image Optimizer]: error in ImageOptimization\Modules\Stats\Classes\Optimization_Stats::get_image_stats_chunk(): File is missing. Verify the upload
[26-Jul-2024 17:01:14 UTC] [Image Optimizer]: error in ImageOptimization\Modules\Stats\Classes\Optimization_Stats::get_image_stats_chunk(): File is missing. Verify the upload
[26-Jul-2024 17:01:36 UTC] [Image Optimizer]: info in ImageOptimization\Modules\Optimization\Classes\Optimize_Image->optimize(): Start optimization of 323
[26-Jul-2024 17:01:36 UTC] [Image Optimizer]: error in ImageOptimization\Modules\Stats\Classes\Optimization_Stats::get_image_stats_chunk(): File is missing. Verify the upload
[26-Jul-2024 17:01:37 UTC] [Image Optimizer]: error in ImageOptimization\Modules\Stats\Classes\Optimization_Stats::get_image_stats_chunk(): File is missing. Verify the upload
[26-Jul-2024 17:01:38 UTC] [Image Optimizer]: info in ImageOptimization\Modules\Optimization\Classes\Optimize_Image->optimize(): End optimization of 323
[26-Jul-2024 17:02:14 UTC] [Image Optimizer]: error in ImageOptimization\Modules\Stats\Classes\Optimization_Stats::get_image_stats_chunk(): File is missing. Verify the upload
[26-Jul-2024 17:03:06 UTC] [Image Optimizer]: info in ImageOptimization\Modules\Optimization\Classes\Optimize_Image->optimize(): Start optimization of 324
[26-Jul-2024 17:03:06 UTC] [Image Optimizer]: error in ImageOptimization\Modules\Stats\Classes\Optimization_Stats::get_image_stats_chunk(): File is missing. Verify the upload
[26-Jul-2024 17:03:08 UTC] [Image Optimizer]: error in ImageOptimization\Modules\Stats\Classes\Optimization_Stats::get_image_stats_chunk(): File is missing. Verify the upload
[26-Jul-2024 17:03:09 UTC] [Image Optimizer]: info in ImageOptimization\Modules\Optimization\Classes\Optimize_Image->optimize(): End optimization of 324
[26-Jul-2024 17:03:14 UTC] [Image Optimizer]: error in ImageOptimization\Modules\Stats\Classes\Optimization_Stats::get_image_stats_chunk(): File is missing. Verify the upload
[26-Jul-2024 17:04:14 UTC] [Image Optimizer]: error in ImageOptimization\Modules\Stats\Classes\Optimization_Stats::get_image_stats_chunk(): File is missing. Verify the upload
[26-Jul-2024 17:05:14 UTC] [Image Optimizer]: error in ImageOptimization\Modules\Stats\Classes\Optimization_Stats::get_image_stats_chunk(): File is missing. Verify the upload
[26-Jul-2024 17:06:14 UTC] [Image Optimizer]: error in ImageOptimization\Modules\Stats\Classes\Optimization_Stats::get_image_stats_chunk(): File is missing. Verify the upload
[26-Jul-2024 17:07:14 UTC] [Image Optimizer]: error in ImageOptimization\Modules\Stats\Classes\Optimization_Stats::get_image_stats_chunk(): File is missing. Verify the upload
[26-Jul-2024 17:08:14 UTC] [Image Optimizer]: error in ImageOptimization\Modules\Stats\Classes\Optimization_Stats::get_image_stats_chunk(): File is missing. Verify the upload
[26-Jul-2024 17:09:15 UTC] [Image Optimizer]: error in ImageOptimization\Modules\Stats\Classes\Optimization_Stats::get_image_stats_chunk(): File is missing. Verify the upload
[26-Jul-2024 17:10:14 UTC] [Image Optimizer]: error in ImageOptimization\Modules\Stats\Classes\Optimization_Stats::get_image_stats_chunk(): File is missing. Verify the upload
[26-Jul-2024 17:11:14 UTC] [Image Optimizer]: error in ImageOptimization\Modules\Stats\Classes\Optimization_Stats::get_image_stats_chunk(): File is missing. Verify the upload
[26-Jul-2024 17:12:14 UTC] [Image Optimizer]: error in ImageOptimization\Modules\Stats\Classes\Optimization_Stats::get_image_stats_chunk(): File is missing. Verify the upload
[26-Jul-2024 17:13:14 UTC] [Image Optimizer]: error in ImageOptimization\Modules\Stats\Classes\Optimization_Stats::get_image_stats_chunk(): File is missing. Verify the upload
[26-Jul-2024 17:14:14 UTC] [Image Optimizer]: error in ImageOptimization\Modules\Stats\Classes\Optimization_Stats::get_image_stats_chunk(): File is missing. Verify the upload
[26-Jul-2024 17:15:14 UTC] [Image Optimizer]: error in ImageOptimization\Modules\Stats\Classes\Optimization_Stats::get_image_stats_chunk(): File is missing. Verify the upload
[26-Jul-2024 17:16:14 UTC] [Image Optimizer]: error in ImageOptimization\Modules\Stats\Classes\Optimization_Stats::get_image_stats_chunk(): File is missing. Verify the upload
[26-Jul-2024 17:17:14 UTC] [Image Optimizer]: error in ImageOptimization\Modules\Stats\Classes\Optimization_Stats::get_image_stats_chunk(): File is missing. Verify the upload
[26-Jul-2024 17:18:14 UTC] [Image Optimizer]: error in ImageOptimization\Modules\Stats\Classes\Optimization_Stats::get_image_stats_chunk(): File is missing. Verify the upload
[26-Jul-2024 17:19:14 UTC] [Image Optimizer]: error in ImageOptimization\Modules\Stats\Classes\Optimization_Stats::get_image_stats_chunk(): File is missing. Verify the upload
[26-Jul-2024 17:20:14 UTC] [Image Optimizer]: error in ImageOptimization\Modules\Stats\Classes\Optimization_Stats::get_image_stats_chunk(): File is missing. Verify the upload
[26-Jul-2024 17:20:20 UTC] [Image Optimizer]: error in ImageOptimization\Modules\Stats\Classes\Optimization_Stats::get_image_stats_chunk(): File is missing. Verify the upload
[26-Jul-2024 17:20:25 UTC] [Image Optimizer]: error in ImageOptimization\Modules\Stats\Classes\Optimization_Stats::get_image_stats_chunk(): File is missing. Verify the upload
[26-Jul-2024 17:20:30 UTC] [Image Optimizer]: error in ImageOptimization\Modules\Stats\Classes\Optimization_Stats::get_image_stats_chunk(): File is missing. Verify the upload
[26-Jul-2024 17:20:35 UTC] [Image Optimizer]: error in ImageOptimization\Modules\Stats\Classes\Optimization_Stats::get_image_stats_chunk(): File is missing. Verify the upload
[26-Jul-2024 17:20:40 UTC] [Image Optimizer]: error in ImageOptimization\Modules\Stats\Classes\Optimization_Stats::get_image_stats_chunk(): File is missing. Verify the upload
[26-Jul-2024 17:20:45 UTC] [Image Optimizer]: error in ImageOptimization\Modules\Stats\Classes\Optimization_Stats::get_image_stats_chunk(): File is missing. Verify the upload
[26-Jul-2024 17:20:50 UTC] [Image Optimizer]: error in ImageOptimization\Modules\Stats\Classes\Optimization_Stats::get_image_stats_chunk(): File is missing. Verify the upload
[26-Jul-2024 17:20:55 UTC] [Image Optimizer]: error in ImageOptimization\Modules\Stats\Classes\Optimization_Stats::get_image_stats_chunk(): File is missing. Verify the upload
[26-Jul-2024 17:21:00 UTC] [Image Optimizer]: error in ImageOptimization\Modules\Stats\Classes\Optimization_Stats::get_image_stats_chunk(): File is missing. Verify the upload
[26-Jul-2024 17:21:05 UTC] [Image Optimizer]: error in ImageOptimization\Modules\Stats\Classes\Optimization_Stats::get_image_stats_chunk(): File is missing. Verify the upload
[26-Jul-2024 17:21:10 UTC] [Image Optimizer]: error in ImageOptimization\Modules\Stats\Classes\Optimization_Stats::get_image_stats_chunk(): File is missing. Verify the upload
[26-Jul-2024 17:21:15 UTC] [Image Optimizer]: error in ImageOptimization\Modules\Stats\Classes\Optimization_Stats::get_image_stats_chunk(): File is missing. Verify the upload
[27-Jul-2024 19:40:02 UTC] [Image Optimizer]: error in ImageOptimization\Modules\Stats\Classes\Optimization_Stats::get_image_stats_chunk(): File is missing. Verify the upload
[27-Jul-2024 19:40:10 UTC] [Image Optimizer]: error in ImageOptimization\Modules\Stats\Classes\Optimization_Stats::get_image_stats_chunk(): File is missing. Verify the upload
[27-Jul-2024 19:40:45 UTC] [Image Optimizer]: error in ImageOptimization\Modules\Stats\Classes\Optimization_Stats::get_image_stats_chunk(): File is missing. Verify the upload
[27-Jul-2024 20:05:59 UTC] [Image Optimizer]: error in ImageOptimization\Modules\Stats\Classes\Optimization_Stats::get_image_stats_chunk(): File is missing. Verify the upload
[27-Jul-2024 20:05:59 UTC] [Image Optimizer]: error in ImageOptimization\Modules\Stats\Classes\Optimization_Stats::get_image_stats_chunk(): File is missing. Verify the upload
[27-Jul-2024 20:05:59 UTC] WordPress database error Deadlock found when trying to get lock; try restarting transaction for query INSERT INTO wp_options (option_name, option_value, autoload)
								SELECT * FROM (SELECT 'image-optimizer_connect_refresh_token', 'ory_rt_QZEYT4izCxHKGfAck7N-14figHl7MGx_UO1tEfaR6yg.9iU4cSLJe6kJL1fT3jm12ImEL6QLxksOor57w3da4Ms', 'no') AS tmp
								WHERE NOT EXISTS (
									SELECT option_name
									FROM wp_options
									WHERE option_name = 'image-optimizer_connect_refresh_token'
								  	AND option_value = 'ory_rt_QZEYT4izCxHKGfAck7N-14figHl7MGx_UO1tEfaR6yg.9iU4cSLJe6kJL1fT3jm12ImEL6QLxksOor57w3da4Ms'
									AND '3fd2eb00-affd-470a-ac78-57618cc73370' = '3fd2eb00-affd-470a-ac78-57618cc73370'
								) LIMIT 1 made by do_action('wp_ajax_query-attachments'), WP_Hook->do_action, WP_Hook->apply_filters, wp_ajax_query_attachments, array_map, wp_prepare_attachment_for_js, get_compat_media_markup, apply_filters('attachment_fields_to_edit'), WP_Hook->apply_filters, ImageOptimization\Modules\Optimization\Components\Media_Control->add_media_modal_details, ImageOptimization\Modules\Optimization\Components\Media_Control->get_optimization_control_html, ImageOptimization\Modules\Optimization\Components\Media_Control->render_optimization_control, ImageOptimization\Modules\ConnectManager\Classes\Connect_Runner->images_left, ImageOptimization\Modules\ConnectManager\Components\Connect->images_left, ImageOptimization\Modules\ConnectManager\Components\Connect->get_connect_status, ImageOptimization\Classes\Client\Client->make_request, ImageOptimization\Classes\Client\Client->request, ImageOptimization\Modules\ConnectManager\Classes\Connect_Runner->refresh_token, ImageOptimization\Modules\ConnectManager\Components\Connect->refresh_token, ImageOptimization\Modules\Connect\Classes\Service::refresh_token, ImageOptimization\Modules\Connect\Classes\Data::insert_option_uniquely
[27-Jul-2024 20:06:00 UTC] [Image Optimizer]: error in ImageOptimization\Modules\ConnectManager\Components\Connect->get_connect_status(): Status check error. Reason: Token Auth Guard Request Failed!: Invalid Token
[27-Jul-2024 20:06:00 UTC] [Image Optimizer]: error in ImageOptimization\Modules\Stats\Classes\Optimization_Stats::get_image_stats_chunk(): File is missing. Verify the upload
[27-Jul-2024 20:06:00 UTC] [Image Optimizer]: error in ImageOptimization\Modules\ConnectManager\Components\Connect->get_connect_status(): Status check error. Reason: Token Auth Guard Request Failed!: Invalid Token
[27-Jul-2024 20:06:29 UTC] [Image Optimizer]: error in ImageOptimization\Modules\Stats\Classes\Optimization_Stats::get_image_stats_chunk(): File is missing. Verify the upload
[27-Jul-2024 20:06:34 UTC] [Image Optimizer]: error in ImageOptimization\Modules\Stats\Classes\Optimization_Stats::get_image_stats_chunk(): File is missing. Verify the upload
[27-Jul-2024 20:06:38 UTC] [Image Optimizer]: error in ImageOptimization\Modules\Stats\Classes\Optimization_Stats::get_image_stats_chunk(): File is missing. Verify the upload
[27-Jul-2024 20:06:40 UTC] [Image Optimizer]: info in ImageOptimization\Modules\Optimization\Classes\Optimize_Image->optimize(): Start optimization of 379
[27-Jul-2024 20:06:40 UTC] [Image Optimizer]: error in ImageOptimization\Modules\Stats\Classes\Optimization_Stats::get_image_stats_chunk(): File is missing. Verify the upload
[27-Jul-2024 20:06:41 UTC] [Image Optimizer]: error in ImageOptimization\Modules\Stats\Classes\Optimization_Stats::get_image_stats_chunk(): File is missing. Verify the upload
[27-Jul-2024 20:06:42 UTC] [Image Optimizer]: info in ImageOptimization\Modules\Optimization\Classes\Optimize_Image->optimize(): End optimization of 379
[27-Jul-2024 20:13:26 UTC] [Image Optimizer]: error in ImageOptimization\Modules\Stats\Classes\Optimization_Stats::get_image_stats_chunk(): File is missing. Verify the upload
[27-Jul-2024 20:13:26 UTC] [Image Optimizer]: error in ImageOptimization\Modules\Stats\Classes\Optimization_Stats::get_image_stats_chunk(): File is missing. Verify the upload
[27-Jul-2024 20:13:28 UTC] [Image Optimizer]: error in ImageOptimization\Modules\ConnectManager\Components\Connect->get_connect_status(): Status check error. Reason: Token Auth Guard Request Failed!: Invalid Token
[27-Jul-2024 20:47:38 UTC] [Image Optimizer]: error in ImageOptimization\Modules\Stats\Classes\Optimization_Stats::get_image_stats_chunk(): File is missing. Verify the upload
[27-Jul-2024 20:47:38 UTC] [Image Optimizer]: error in ImageOptimization\Modules\Stats\Classes\Optimization_Stats::get_image_stats_chunk(): File is missing. Verify the upload
[27-Jul-2024 20:47:38 UTC] WordPress database error Deadlock found when trying to get lock; try restarting transaction for query INSERT INTO wp_options (option_name, option_value, autoload)
								SELECT * FROM (SELECT 'image-optimizer_connect_refresh_token', 'ory_rt_FF0JXq1U5f2056ppIJkuRpWaIQHbAK6ImfK15RAlgoM.JNygncQbszJIuMcEnH4BF1TVNioBWASaMh_1yc7RiZU', 'no') AS tmp
								WHERE NOT EXISTS (
									SELECT option_name
									FROM wp_options
									WHERE option_name = 'image-optimizer_connect_refresh_token'
								  	AND option_value = 'ory_rt_FF0JXq1U5f2056ppIJkuRpWaIQHbAK6ImfK15RAlgoM.JNygncQbszJIuMcEnH4BF1TVNioBWASaMh_1yc7RiZU'
									AND '1453599e-5a6a-4b79-804e-baa1b342c408' = '1453599e-5a6a-4b79-804e-baa1b342c408'
								) LIMIT 1 made by do_action('wp_ajax_query-attachments'), WP_Hook->do_action, WP_Hook->apply_filters, wp_ajax_query_attachments, array_map, wp_prepare_attachment_for_js, get_compat_media_markup, apply_filters('attachment_fields_to_edit'), WP_Hook->apply_filters, ImageOptimization\Modules\Optimization\Components\Media_Control->add_media_modal_details, ImageOptimization\Modules\Optimization\Components\Media_Control->get_optimization_control_html, ImageOptimization\Modules\Optimization\Components\Media_Control->render_optimization_control, ImageOptimization\Modules\ConnectManager\Classes\Connect_Runner->images_left, ImageOptimization\Modules\ConnectManager\Components\Connect->images_left, ImageOptimization\Modules\ConnectManager\Components\Connect->get_connect_status, ImageOptimization\Classes\Client\Client->make_request, ImageOptimization\Classes\Client\Client->request, ImageOptimization\Modules\ConnectManager\Classes\Connect_Runner->refresh_token, ImageOptimization\Modules\ConnectManager\Components\Connect->refresh_token, ImageOptimization\Modules\Connect\Classes\Service::refresh_token, ImageOptimization\Modules\Connect\Classes\Data::insert_option_uniquely
[27-Jul-2024 20:47:40 UTC] [Image Optimizer]: error in ImageOptimization\Modules\ConnectManager\Components\Connect->get_connect_status(): Status check error. Reason: Token Auth Guard Request Failed!: Invalid Token
[27-Jul-2024 20:55:06 UTC] [Image Optimizer]: error in ImageOptimization\Modules\Stats\Classes\Optimization_Stats::get_image_stats_chunk(): File is missing. Verify the upload
[27-Jul-2024 20:55:06 UTC] [Image Optimizer]: error in ImageOptimization\Modules\Stats\Classes\Optimization_Stats::get_image_stats_chunk(): File is missing. Verify the upload
[27-Jul-2024 20:55:08 UTC] [Image Optimizer]: error in ImageOptimization\Modules\ConnectManager\Components\Connect->get_connect_status(): Status check error. Reason: Token Auth Guard Request Failed!: Invalid Token
[29-Jul-2024 09:34:57 UTC] [Image Optimizer]: error in ImageOptimization\Modules\Stats\Classes\Optimization_Stats::get_image_stats_chunk(): File is missing. Verify the upload
[29-Jul-2024 09:41:59 UTC] [Image Optimizer]: error in ImageOptimization\Modules\Stats\Classes\Optimization_Stats::get_image_stats_chunk(): File is missing. Verify the upload
[29-Jul-2024 09:41:59 UTC] [Image Optimizer]: error in ImageOptimization\Modules\Stats\Classes\Optimization_Stats::get_image_stats_chunk(): File is missing. Verify the upload
[29-Jul-2024 09:42:00 UTC] WordPress database error Deadlock found when trying to get lock; try restarting transaction for query INSERT INTO wp_options (option_name, option_value, autoload)
								SELECT * FROM (SELECT 'image-optimizer_connect_refresh_token', 'ory_rt_tU_Q1BVFe5GInH2tWE-mLorehwcrDHi-nG8MRdCygIQ.cqY_DuU1PBXzYs-0OzqVkahBjt3Fct0y2jLO4E5875s', 'no') AS tmp
								WHERE NOT EXISTS (
									SELECT option_name
									FROM wp_options
									WHERE option_name = 'image-optimizer_connect_refresh_token'
								  	AND option_value = 'ory_rt_tU_Q1BVFe5GInH2tWE-mLorehwcrDHi-nG8MRdCygIQ.cqY_DuU1PBXzYs-0OzqVkahBjt3Fct0y2jLO4E5875s'
									AND 'dd1f2938-3d23-4c15-ba31-0f1cca5bb7e9' = 'dd1f2938-3d23-4c15-ba31-0f1cca5bb7e9'
								) LIMIT 1 made by do_action('wp_ajax_query-attachments'), WP_Hook->do_action, WP_Hook->apply_filters, wp_ajax_query_attachments, array_map, wp_prepare_attachment_for_js, get_compat_media_markup, apply_filters('attachment_fields_to_edit'), WP_Hook->apply_filters, ImageOptimization\Modules\Optimization\Components\Media_Control->add_media_modal_details, ImageOptimization\Modules\Optimization\Components\Media_Control->get_optimization_control_html, ImageOptimization\Modules\Optimization\Components\Media_Control->render_optimization_control, ImageOptimization\Modules\ConnectManager\Classes\Connect_Runner->images_left, ImageOptimization\Modules\ConnectManager\Components\Connect->images_left, ImageOptimization\Modules\ConnectManager\Components\Connect->get_connect_status, ImageOptimization\Classes\Client\Client->make_request, ImageOptimization\Classes\Client\Client->request, ImageOptimization\Modules\ConnectManager\Classes\Connect_Runner->refresh_token, ImageOptimization\Modules\ConnectManager\Components\Connect->refresh_token, ImageOptimization\Modules\Connect\Classes\Service::refresh_token, ImageOptimization\Modules\Connect\Classes\Data::insert_option_uniquely
[29-Jul-2024 09:42:01 UTC] [Image Optimizer]: error in ImageOptimization\Modules\ConnectManager\Components\Connect->get_connect_status(): Status check error. Reason: Token Auth Guard Request Failed!: Invalid Token
[29-Jul-2024 09:55:40 UTC] [Image Optimizer]: error in ImageOptimization\Modules\Stats\Classes\Optimization_Stats::get_image_stats_chunk(): File is missing. Verify the upload
[29-Jul-2024 09:55:40 UTC] [Image Optimizer]: error in ImageOptimization\Modules\Stats\Classes\Optimization_Stats::get_image_stats_chunk(): File is missing. Verify the upload
[29-Jul-2024 09:55:42 UTC] [Image Optimizer]: error in ImageOptimization\Modules\ConnectManager\Components\Connect->get_connect_status(): Status check error. Reason: Token Auth Guard Request Failed!: Invalid Token
[29-Jul-2024 10:08:00 UTC] [Image Optimizer]: error in ImageOptimization\Modules\Stats\Classes\Optimization_Stats::get_image_stats_chunk(): File is missing. Verify the upload
[29-Jul-2024 10:08:00 UTC] [Image Optimizer]: error in ImageOptimization\Modules\Stats\Classes\Optimization_Stats::get_image_stats_chunk(): File is missing. Verify the upload
[29-Jul-2024 10:08:01 UTC] WordPress database error Deadlock found when trying to get lock; try restarting transaction for query INSERT INTO wp_options (option_name, option_value, autoload)
								SELECT * FROM (SELECT 'image-optimizer_connect_refresh_token', 'ory_rt_iw0cPQ_JDdGBMhu0YYczqh_1jPxPwoAOnsD22On-ubs.71qxbBa25y61V49-sz2Y8gjKKiXDMlRQEfgnDdY1yHA', 'no') AS tmp
								WHERE NOT EXISTS (
									SELECT option_name
									FROM wp_options
									WHERE option_name = 'image-optimizer_connect_refresh_token'
								  	AND option_value = 'ory_rt_iw0cPQ_JDdGBMhu0YYczqh_1jPxPwoAOnsD22On-ubs.71qxbBa25y61V49-sz2Y8gjKKiXDMlRQEfgnDdY1yHA'
									AND '16e565e3-51ba-4543-9ec3-5dd9288c54ad' = '16e565e3-51ba-4543-9ec3-5dd9288c54ad'
								) LIMIT 1 made by do_action('wp_ajax_query-attachments'), WP_Hook->do_action, WP_Hook->apply_filters, wp_ajax_query_attachments, array_map, wp_prepare_attachment_for_js, get_compat_media_markup, apply_filters('attachment_fields_to_edit'), WP_Hook->apply_filters, ImageOptimization\Modules\Optimization\Components\Media_Control->add_media_modal_details, ImageOptimization\Modules\Optimization\Components\Media_Control->get_optimization_control_html, ImageOptimization\Modules\Optimization\Components\Media_Control->render_optimization_control, ImageOptimization\Modules\ConnectManager\Classes\Connect_Runner->images_left, ImageOptimization\Modules\ConnectManager\Components\Connect->images_left, ImageOptimization\Modules\ConnectManager\Components\Connect->get_connect_status, ImageOptimization\Classes\Client\Client->make_request, ImageOptimization\Classes\Client\Client->request, ImageOptimization\Modules\ConnectManager\Classes\Connect_Runner->refresh_token, ImageOptimization\Modules\ConnectManager\Components\Connect->refresh_token, ImageOptimization\Modules\Connect\Classes\Service::refresh_token, ImageOptimization\Modules\Connect\Classes\Data::insert_option_uniquely
[29-Jul-2024 10:08:02 UTC] [Image Optimizer]: error in ImageOptimization\Modules\ConnectManager\Components\Connect->get_connect_status(): Status check error. Reason: Token Auth Guard Request Failed!: Invalid Token
[29-Jul-2024 10:08:14 UTC] [Image Optimizer]: info in ImageOptimization\Modules\Optimization\Classes\Optimize_Image->optimize(): Start optimization of 501
[29-Jul-2024 10:08:14 UTC] [Image Optimizer]: error in ImageOptimization\Modules\Stats\Classes\Optimization_Stats::get_image_stats_chunk(): File is missing. Verify the upload
[29-Jul-2024 10:08:15 UTC] [Image Optimizer]: info in ImageOptimization\Modules\Optimization\Classes\Optimize_Image->optimize(): End optimization of 501
[29-Jul-2024 10:08:36 UTC] [Image Optimizer]: info in ImageOptimization\Modules\Optimization\Classes\Optimize_Image->optimize(): Start optimization of 502
[29-Jul-2024 10:08:36 UTC] [Image Optimizer]: error in ImageOptimization\Modules\Stats\Classes\Optimization_Stats::get_image_stats_chunk(): File is missing. Verify the upload
[29-Jul-2024 10:08:41 UTC] [Image Optimizer]: error in ImageOptimization\Modules\Stats\Classes\Optimization_Stats::get_image_stats_chunk(): File is missing. Verify the upload
[29-Jul-2024 10:08:42 UTC] [Image Optimizer]: error in ImageOptimization\Modules\Stats\Classes\Optimization_Stats::get_image_stats_chunk(): File is missing. Verify the upload
[29-Jul-2024 10:08:45 UTC] [Image Optimizer]: error in ImageOptimization\Modules\Stats\Classes\Optimization_Stats::get_image_stats_chunk(): File is missing. Verify the upload
[29-Jul-2024 10:08:46 UTC] [Image Optimizer]: error in ImageOptimization\Modules\Stats\Classes\Optimization_Stats::get_image_stats_chunk(): File is missing. Verify the upload
[29-Jul-2024 10:08:48 UTC] [Image Optimizer]: info in ImageOptimization\Modules\Optimization\Classes\Optimize_Image->optimize(): End optimization of 502
[29-Jul-2024 10:28:23 UTC] [Image Optimizer]: error in ImageOptimization\Modules\Stats\Classes\Optimization_Stats::get_image_stats_chunk(): File is missing. Verify the upload
[29-Jul-2024 10:28:23 UTC] [Image Optimizer]: error in ImageOptimization\Modules\Stats\Classes\Optimization_Stats::get_image_stats_chunk(): File is missing. Verify the upload
[29-Jul-2024 10:28:25 UTC] [Image Optimizer]: error in ImageOptimization\Modules\ConnectManager\Components\Connect->get_connect_status(): Status check error. Reason: Token Auth Guard Request Failed!: Invalid Token
